app/build/intermediates/manifest_merge_blame_file/debug/manifest-merger-blame-debug-report.txt
1<?xml version="1.0" encoding="utf-8"?>
2<manifest xmlns:android="http://schemas.android.com/apk/res/android"
3    package="com.zekiyeyeter.kutsis"
4    android:versionCode="1"
5    android:versionName="1.0" >
6
7    <uses-sdk
8        android:minSdkVersion="29"
8-->src\main\AndroidManifest.xml
9        android:targetSdkVersion="32" />
9-->src\main\AndroidManifest.xml
10
11    <uses-permission android:name="android.permission.CAMERA" />
11-->src\main\AndroidManifest.xml:5:5-65
11-->src\main\AndroidManifest.xml:5:22-62
12
13    <uses-feature
13-->src\main\AndroidManifest.xml:7:5-9:36
14        android:name="android.hardware.camera"
14-->src\main\AndroidManifest.xml:8:9-47
15        android:required="false" />
15-->src\main\AndroidManifest.xml:9:9-33
16
17    <uses-permission android:name="android.permission.VIBRATE" />
17-->src\main\AndroidManifest.xml:11:5-66
17-->src\main\AndroidManifest.xml:11:22-63
18    <uses-permission android:name="android.permission.INTERNET" />
18-->[com.google.firebase:firebase-auth:21.0.4] AndroidManifest.xml:23:5-67
18-->[com.google.firebase:firebase-auth:21.0.4] AndroidManifest.xml:23:22-64
19    <uses-permission android:name="android.permission.ACCESS_NETWORK_STATE" />
19-->[com.google.firebase:firebase-auth:21.0.4] AndroidManifest.xml:24:5-79
19-->[com.google.firebase:firebase-auth:21.0.4] AndroidManifest.xml:24:22-76
20
21    <application
21-->src\main\AndroidManifest.xml:12:5-59:19
22        android:allowBackup="true"
22-->src\main\AndroidManifest.xml:13:9-35
23        android:appComponentFactory="androidx.core.app.CoreComponentFactory"
23-->[androidx.core:core:1.7.0] AndroidManifest.xml:24:18-86
24        android:debuggable="true"
25        android:extractNativeLibs="false"
26        android:icon="@mipmap/ic_launcher"
26-->src\main\AndroidManifest.xml:14:9-43
27        android:label="@string/app_name"
27-->src\main\AndroidManifest.xml:15:9-41
28        android:roundIcon="@mipmap/ic_launcher_round"
28-->src\main\AndroidManifest.xml:16:9-54
29        android:supportsRtl="true"
29-->src\main\AndroidManifest.xml:17:9-35
30        android:theme="@style/Theme.Kutsis.NoActionBar" >
30-->src\main\AndroidManifest.xml:18:9-56
31        <activity
31-->src\main\AndroidManifest.xml:19:9-22:51
32            android:name="com.example.kutsis.SelectionActivity"
32-->src\main\AndroidManifest.xml:20:13-46
33            android:exported="false"
33-->src\main\AndroidManifest.xml:21:13-37
34            android:theme="@style/Theme.Kutsis" />
34-->src\main\AndroidManifest.xml:22:13-48
35        <activity
35-->src\main\AndroidManifest.xml:23:9-26:51
36            android:name="com.example.kutsis.SureActivity"
36-->src\main\AndroidManifest.xml:24:13-41
37            android:exported="false"
37-->src\main\AndroidManifest.xml:25:13-37
38            android:theme="@style/Theme.Kutsis" />
38-->src\main\AndroidManifest.xml:26:13-48
39        <activity
39-->src\main\AndroidManifest.xml:27:9-32:15
40            android:name="com.example.kutsis.ProfileActivity"
40-->src\main\AndroidManifest.xml:28:13-44
41            android:exported="false"
41-->src\main\AndroidManifest.xml:29:13-37
42            android:parentActivityName="com.example.kutsis.SelectionActivity"
42-->src\main\AndroidManifest.xml:31:13-60
43            android:theme="@style/Theme.Kutsis" />
43-->src\main\AndroidManifest.xml:30:13-48
44        <activity
44-->src\main\AndroidManifest.xml:33:9-37:62
45            android:name="com.example.kutsis.SecimActivity"
45-->src\main\AndroidManifest.xml:34:13-42
46            android:exported="false"
46-->src\main\AndroidManifest.xml:35:13-37
47            android:parentActivityName="com.example.kutsis.SelectionActivity"
47-->src\main\AndroidManifest.xml:37:13-60
48            android:theme="@style/Theme.Kutsis" />
48-->src\main\AndroidManifest.xml:36:13-48
49        <activity
49-->src\main\AndroidManifest.xml:38:9-40:40
50            android:name="com.example.kutsis.QRActivity"
50-->src\main\AndroidManifest.xml:39:13-39
51            android:exported="false" />
51-->src\main\AndroidManifest.xml:40:13-37
52        <activity
52-->src\main\AndroidManifest.xml:41:9-43:40
53            android:name="com.example.kutsis.RegisterActivity"
53-->src\main\AndroidManifest.xml:42:13-45
54            android:exported="false" />
54-->src\main\AndroidManifest.xml:43:13-37
55        <activity
55-->src\main\AndroidManifest.xml:44:9-46:40
56            android:name="com.example.kutsis.EmailVerificationActivity"
56-->src\main\AndroidManifest.xml:45:13-54
57            android:exported="false" />
57-->src\main\AndroidManifest.xml:46:13-37
58        <activity
58-->src\main\AndroidManifest.xml:47:9-49:40
59            android:name="com.example.kutsis.ResetPasswordActivity"
59-->src\main\AndroidManifest.xml:48:13-50
60            android:exported="false" />
60-->src\main\AndroidManifest.xml:49:13-37
61        <activity
61-->src\main\AndroidManifest.xml:50:9-58:20
62            android:name="com.example.kutsis.MainActivity"
62-->src\main\AndroidManifest.xml:51:13-41
63            android:exported="true"
63-->src\main\AndroidManifest.xml:52:13-36
64            android:theme="@style/AppTheme.Launcher" >
64-->src\main\AndroidManifest.xml:53:13-53
65            <intent-filter>
65-->src\main\AndroidManifest.xml:54:13-57:29
66                <action android:name="android.intent.action.MAIN" />
66-->src\main\AndroidManifest.xml:55:17-69
66-->src\main\AndroidManifest.xml:55:25-66
67
68                <category android:name="android.intent.category.LAUNCHER" />
68-->src\main\AndroidManifest.xml:56:17-77
68-->src\main\AndroidManifest.xml:56:27-74
69            </intent-filter>
70        </activity>
71        <activity
71-->[com.google.firebase:firebase-auth:21.0.4] AndroidManifest.xml:27:9-44:20
72            android:name="com.google.firebase.auth.internal.GenericIdpActivity"
72-->[com.google.firebase:firebase-auth:21.0.4] AndroidManifest.xml:28:13-80
73            android:excludeFromRecents="true"
73-->[com.google.firebase:firebase-auth:21.0.4] AndroidManifest.xml:29:13-46
74            android:exported="true"
74-->[com.google.firebase:firebase-auth:21.0.4] AndroidManifest.xml:30:13-36
75            android:launchMode="singleTask"
75-->[com.google.firebase:firebase-auth:21.0.4] AndroidManifest.xml:31:13-44
76            android:theme="@android:style/Theme.Translucent.NoTitleBar" >
76-->[com.google.firebase:firebase-auth:21.0.4] AndroidManifest.xml:32:13-72
77            <intent-filter>
77-->[com.google.firebase:firebase-auth:21.0.4] AndroidManifest.xml:33:13-43:29
78                <action android:name="android.intent.action.VIEW" />
78-->[com.google.firebase:firebase-auth:21.0.4] AndroidManifest.xml:34:17-69
78-->[com.google.firebase:firebase-auth:21.0.4] AndroidManifest.xml:34:25-66
79
80                <category android:name="android.intent.category.DEFAULT" />
80-->[com.google.firebase:firebase-auth:21.0.4] AndroidManifest.xml:36:17-76
80-->[com.google.firebase:firebase-auth:21.0.4] AndroidManifest.xml:36:27-73
81                <category android:name="android.intent.category.BROWSABLE" />
81-->[com.google.firebase:firebase-auth:21.0.4] AndroidManifest.xml:37:17-78
81-->[com.google.firebase:firebase-auth:21.0.4] AndroidManifest.xml:37:27-75
82
83                <data
83-->[com.google.firebase:firebase-auth:21.0.4] AndroidManifest.xml:39:17-42:51
84                    android:host="firebase.auth"
84-->[com.google.firebase:firebase-auth:21.0.4] AndroidManifest.xml:40:21-49
85                    android:path="/"
85-->[com.google.firebase:firebase-auth:21.0.4] AndroidManifest.xml:41:21-37
86                    android:scheme="genericidp" />
86-->[com.google.firebase:firebase-auth:21.0.4] AndroidManifest.xml:42:21-48
87            </intent-filter>
88        </activity>
89        <activity
89-->[com.google.firebase:firebase-auth:21.0.4] AndroidManifest.xml:45:9-62:20
90            android:name="com.google.firebase.auth.internal.RecaptchaActivity"
90-->[com.google.firebase:firebase-auth:21.0.4] AndroidManifest.xml:46:13-79
91            android:excludeFromRecents="true"
91-->[com.google.firebase:firebase-auth:21.0.4] AndroidManifest.xml:47:13-46
92            android:exported="true"
92-->[com.google.firebase:firebase-auth:21.0.4] AndroidManifest.xml:48:13-36
93            android:launchMode="singleTask"
93-->[com.google.firebase:firebase-auth:21.0.4] AndroidManifest.xml:49:13-44
94            android:theme="@android:style/Theme.Translucent.NoTitleBar" >
94-->[com.google.firebase:firebase-auth:21.0.4] AndroidManifest.xml:50:13-72
95            <intent-filter>
95-->[com.google.firebase:firebase-auth:21.0.4] AndroidManifest.xml:51:13-61:29
96                <action android:name="android.intent.action.VIEW" />
96-->[com.google.firebase:firebase-auth:21.0.4] AndroidManifest.xml:34:17-69
96-->[com.google.firebase:firebase-auth:21.0.4] AndroidManifest.xml:34:25-66
97
98                <category android:name="android.intent.category.DEFAULT" />
98-->[com.google.firebase:firebase-auth:21.0.4] AndroidManifest.xml:36:17-76
98-->[com.google.firebase:firebase-auth:21.0.4] AndroidManifest.xml:36:27-73
99                <category android:name="android.intent.category.BROWSABLE" />
99-->[com.google.firebase:firebase-auth:21.0.4] AndroidManifest.xml:37:17-78
99-->[com.google.firebase:firebase-auth:21.0.4] AndroidManifest.xml:37:27-75
100
101                <data
101-->[com.google.firebase:firebase-auth:21.0.4] AndroidManifest.xml:39:17-42:51
102                    android:host="firebase.auth"
102-->[com.google.firebase:firebase-auth:21.0.4] AndroidManifest.xml:40:21-49
103                    android:path="/"
103-->[com.google.firebase:firebase-auth:21.0.4] AndroidManifest.xml:41:21-37
104                    android:scheme="recaptcha" />
104-->[com.google.firebase:firebase-auth:21.0.4] AndroidManifest.xml:42:21-48
105            </intent-filter>
106        </activity>
107
108        <service
108-->[com.google.firebase:firebase-auth:21.0.4] AndroidManifest.xml:64:9-70:19
109            android:name="com.google.firebase.components.ComponentDiscoveryService"
109-->[com.google.firebase:firebase-auth:21.0.4] AndroidManifest.xml:65:13-84
110            android:directBootAware="true"
110-->[com.google.firebase:firebase-common:20.1.1] AndroidManifest.xml:35:13-43
111            android:exported="false" >
111-->[com.google.firebase:firebase-auth:21.0.4] AndroidManifest.xml:66:13-37
112            <meta-data
112-->[com.google.firebase:firebase-auth:21.0.4] AndroidManifest.xml:67:13-69:85
113                android:name="com.google.firebase.components:com.google.firebase.auth.FirebaseAuthRegistrar"
113-->[com.google.firebase:firebase-auth:21.0.4] AndroidManifest.xml:68:17-109
114                android:value="com.google.firebase.components.ComponentRegistrar" />
114-->[com.google.firebase:firebase-auth:21.0.4] AndroidManifest.xml:69:17-82
115            <meta-data
115-->[com.google.firebase:firebase-database:20.0.5] AndroidManifest.xml:32:13-34:85
116                android:name="com.google.firebase.components:com.google.firebase.database.DatabaseRegistrar"
116-->[com.google.firebase:firebase-database:20.0.5] AndroidManifest.xml:33:17-109
117                android:value="com.google.firebase.components.ComponentRegistrar" />
117-->[com.google.firebase:firebase-database:20.0.5] AndroidManifest.xml:34:17-82
118        </service>
119
120        <provider
120-->[com.google.firebase:firebase-common:20.1.1] AndroidManifest.xml:26:9-31:39
121            android:name="com.google.firebase.provider.FirebaseInitProvider"
121-->[com.google.firebase:firebase-common:20.1.1] AndroidManifest.xml:27:13-77
122            android:authorities="com.zekiyeyeter.kutsis.firebaseinitprovider"
122-->[com.google.firebase:firebase-common:20.1.1] AndroidManifest.xml:28:13-72
123            android:directBootAware="true"
123-->[com.google.firebase:firebase-common:20.1.1] AndroidManifest.xml:29:13-43
124            android:exported="false"
124-->[com.google.firebase:firebase-common:20.1.1] AndroidManifest.xml:30:13-37
125            android:initOrder="100" />
125-->[com.google.firebase:firebase-common:20.1.1] AndroidManifest.xml:31:13-36
126
127        <activity
127-->[com.google.android.gms:play-services-base:18.0.1] AndroidManifest.xml:20:9-22:45
128            android:name="com.google.android.gms.common.api.GoogleApiActivity"
128-->[com.google.android.gms:play-services-base:18.0.1] AndroidManifest.xml:20:19-85
129            android:exported="false"
129-->[com.google.android.gms:play-services-base:18.0.1] AndroidManifest.xml:22:19-43
130            android:theme="@android:style/Theme.Translucent.NoTitleBar" />
130-->[com.google.android.gms:play-services-base:18.0.1] AndroidManifest.xml:21:19-78
131
132        <meta-data
132-->[com.google.android.gms:play-services-basement:18.0.0] AndroidManifest.xml:21:9-23:69
133            android:name="com.google.android.gms.version"
133-->[com.google.android.gms:play-services-basement:18.0.0] AndroidManifest.xml:22:13-58
134            android:value="@integer/google_play_services_version" />
134-->[com.google.android.gms:play-services-basement:18.0.0] AndroidManifest.xml:23:13-66
135
136        <provider
136-->[androidx.emoji2:emoji2:1.0.0] AndroidManifest.xml:26:9-34:20
137            android:name="androidx.startup.InitializationProvider"
137-->[androidx.emoji2:emoji2:1.0.0] AndroidManifest.xml:27:13-67
138            android:authorities="com.zekiyeyeter.kutsis.androidx-startup"
138-->[androidx.emoji2:emoji2:1.0.0] AndroidManifest.xml:28:13-68
139            android:exported="false" >
139-->[androidx.emoji2:emoji2:1.0.0] AndroidManifest.xml:29:13-37
140            <meta-data
140-->[androidx.emoji2:emoji2:1.0.0] AndroidManifest.xml:31:13-33:52
141                android:name="androidx.emoji2.text.EmojiCompatInitializer"
141-->[androidx.emoji2:emoji2:1.0.0] AndroidManifest.xml:32:17-75
142                android:value="androidx.startup" />
142-->[androidx.emoji2:emoji2:1.0.0] AndroidManifest.xml:33:17-49
143            <meta-data
143-->[androidx.lifecycle:lifecycle-process:2.4.0] AndroidManifest.xml:31:13-33:52
144                android:name="androidx.lifecycle.ProcessLifecycleInitializer"
144-->[androidx.lifecycle:lifecycle-process:2.4.0] AndroidManifest.xml:32:17-78
145                android:value="androidx.startup" />
145-->[androidx.lifecycle:lifecycle-process:2.4.0] AndroidManifest.xml:33:17-49
146        </provider>
147
148        <uses-library
148-->[androidx.window:window:1.0.0] AndroidManifest.xml:25:9-27:40
149            android:name="androidx.window.extensions"
149-->[androidx.window:window:1.0.0] AndroidManifest.xml:26:13-54
150            android:required="false" />
150-->[androidx.window:window:1.0.0] AndroidManifest.xml:27:13-37
151        <uses-library
151-->[androidx.window:window:1.0.0] AndroidManifest.xml:28:9-30:40
152            android:name="androidx.window.sidecar"
152-->[androidx.window:window:1.0.0] AndroidManifest.xml:29:13-51
153            android:required="false" />
153-->[androidx.window:window:1.0.0] AndroidManifest.xml:30:13-37
154    </application>
155
156</manifest>